<?xml version="1.0" encoding="UTF-8"?>
<!-- Generated by org.testng.reporters.JUnitReportReporter -->
<testsuite hostname="Sathviks-MacBook-Pro.local" failures="0" tests="3" name="Tests.TC005_AddToCart" time="15.605" errors="0" timestamp="2024-09-03T22:14:47 IST" skipped="0">
  <testcase classname="Tests.TC005_AddToCart" name="checkCartCount" time="0.045"/>
  <system-out/>
  <testcase classname="Tests.TC005_AddToCart" name="addToCartTest" time="5.321"/>
  <system-out/>
  <testcase classname="Tests.TC005_AddToCart" name="addToCartTenTimesTest" time="10.239"/>
  <system-out/>
</testsuite> <!-- Tests.TC005_AddToCart -->
