<?xml version="1.0" encoding="UTF-8"?>
<!-- Generated by org.testng.reporters.JUnitReportReporter -->
<testsuite hostname="Sathviks-MacBook-Pro.local" failures="0" tests="1" name="Tests.TC006_CheckSearchResult" time="0.712" errors="0" timestamp="2024-09-03T01:04:02 IST" skipped="0">
  <testcase classname="Tests.TC006_CheckSearchResult" name="verifySearchResult" time="0.712"/>
  <system-out/>
</testsuite> <!-- Tests.TC006_CheckSearchResult -->
