<?xml version="1.0" encoding="UTF-8"?>
<!-- Generated by org.testng.reporters.JUnitReportReporter -->
<testsuite hostname="Sathviks-MacBook-Pro.local" failures="0" tests="1" name="Tests.Demo" time="0.028" errors="0" timestamp="2024-08-27T22:41:28 IST" skipped="0">
  <testcase classname="Tests.Demo" name="test" time="0.028"/>
  <system-out/>
</testsuite> <!-- Tests.Demo -->
