<?xml version="1.0" encoding="UTF-8"?>
<!-- Generated by org.testng.reporters.JUnitReportReporter -->
<testsuite hostname="Sathviks-MacBook-Pro.local" failures="0" tests="1" name="Tests.demoTest" time="23.308" errors="0" timestamp="2024-08-31T21:48:41 IST" skipped="0">
  <testcase classname="Tests.demoTest" name="CountHowManyTiles" time="23.308"/>
  <system-out/>
</testsuite> <!-- Tests.demoTest -->
