<?xml version="1.0" encoding="UTF-8"?>
<!-- Generated by org.testng.reporters.JUnitReportReporter -->
<testsuite hostname="Sathviks-MacBook-Pro.local" failures="0" tests="1" name="Tests.T001_Registration" time="2.944" errors="0" timestamp="2024-09-03T00:04:28 IST" skipped="0">
  <testcase classname="Tests.T001_Registration" name="regiteration" time="2.944"/>
  <system-out/>
</testsuite> <!-- Tests.T001_Registration -->
